\BOOKMARK [1][-]{section.1}{\376\377\301\034\270\140}{}% 1
\BOOKMARK [2][-]{subsection.1.1}{\376\377\305\360\255\154\000\040\311\310\273\070}{section.1}% 2
\BOOKMARK [2][-]{subsection.1.2}{\376\377\256\060\305\354\000\050\311\021\254\004\274\364\254\340\000\040\274\224\307\004\000\051}{section.1}% 3
\BOOKMARK [1][-]{section.2}{\376\377\274\060\254\275}{}% 4
\BOOKMARK [2][-]{subsection.2.1}{\376\377\000R\000P\000L\000\040\254\034\306\224}{section.2}% 5
\BOOKMARK [2][-]{subsection.2.2}{\376\377\000B\000R\000P\000L\000\040\254\034\306\224}{section.2}% 6
\BOOKMARK [1][-]{section.3}{\376\377\302\334\302\244\321\134\000\040\274\017\000\040\307\004\326\021\000\040\272\250\263\170}{}% 7
\BOOKMARK [2][-]{subsection.3.1}{\376\377\261\044\322\270\306\314\320\154\000\040\272\250\263\170}{section.3}% 8
\BOOKMARK [2][-]{subsection.3.2}{\376\377\254\365\254\251\000\040\272\250\263\170}{section.3}% 9
\BOOKMARK [2][-]{subsection.3.3}{\376\377\255\000\316\041\000\040\254\000\262\245\301\061\000\040\310\025\307\130}{section.3}% 10
\BOOKMARK [1][-]{section.4}{\376\377\302\344\325\330\000\040\274\051\274\225\270\140}{}% 11
\BOOKMARK [2][-]{subsection.4.1}{\376\377\302\344\325\330\000\040\306\314\320\154\325\014\270\134\306\260\000\050\307\220\263\331\326\124\000\040\323\014\307\164\325\004\267\174\307\170\000\051}{section.4}% 12
\BOOKMARK [2][-]{subsection.4.2}{\376\377\255\154\301\061\306\224\301\214\000\040\274\017\000\040\317\124\264\334\000\040\255\154\310\160}{section.4}% 13
\BOOKMARK [2][-]{subsection.4.3}{\376\377\302\334\260\230\271\254\306\044\000\040\301\044\254\304\000\050\000A\000/\000B\000/\000C\000/\000D\000\051}{section.4}% 14
\BOOKMARK [2][-]{subsection.4.4}{\376\377\261\170\315\234\000\050\000E\000x\000p\000o\000s\000u\000r\000e\000\051\000\040\311\300\324\134\000\040\310\025\307\130\000\040\274\017\000\040\255\374\300\254}{section.4}% 15
\BOOKMARK [2][-]{subsection.4.5}{\376\377\323\311\254\000\311\300\324\134\000\040\274\017\000\040\321\265\254\304\000\040\306\224\305\175}{section.4}% 16
\BOOKMARK [2][-]{subsection.4.6}{\376\377\302\344\325\330\000\040\323\014\267\174\273\370\321\060}{section.4}% 17
\BOOKMARK [1][-]{section.5}{\376\377\000S\000t\000r\000u\000c\000t\000u\000r\000a\000l\000\040\000E\000x\000p\000o\000s\000u\000r\000e\000\040\000M\000o\000d\000e\000l\000i\000n\000g}{}% 18
\BOOKMARK [2][-]{subsection.5.1}{\376\377\000G\000r\000o\000u\000n\000d\000-\000t\000r\000u\000t\000h\000\040\000E\000x\000p\000o\000s\000u\000r\000e\000\040\310\025\307\130}{section.5}% 19
\BOOKMARK [2][-]{subsection.5.2}{\376\377\310\025\310\001\000\040\302\030\270\064\000\040\255\154\254\004\305\320\301\034\307\130\000\040\322\270\271\254\000\040\256\060\274\030\000\040\000E\000x\000p\000o\000s\000u\000r\000e}{section.5}% 20
\BOOKMARK [2][-]{subsection.5.3}{\376\377\000P\000a\000r\000e\000n\000t\000\040\000s\000w\000i\000t\000c\000h\000i\000n\000g\307\104\000\040\274\030\306\001\325\134\000\040\302\334\254\004\323\311\255\340\000\040\000E\000x\000p\000o\000s\000u\000r\000e}{section.5}% 21
\BOOKMARK [2][-]{subsection.5.4}{\376\377\271\301\320\154\000\040\324\210\311\310\307\104\000\040\323\354\325\150\325\134\000\040\000E\000f\000f\000e\000c\000t\000i\000v\000e\000\040\000E\000x\000p\000o\000s\000u\000r\000e\000\050\301\040\320\335\000\051}{section.5}% 22
\BOOKMARK [2][-]{subsection.5.5}{\376\377\000E\000x\000p\000o\000s\000u\000r\000e\306\100\000\040\254\365\254\251\271\140\307\130\000\040\275\204\271\254\000\040\274\017\000\040\000P\000D\000R\000\040\255\374\300\254}{section.5}% 23
\BOOKMARK [1][-]{section.6}{\376\377\000B\000R\000P\000L\000\040\255\154\326\004\000\040\305\104\320\244\321\115\314\230\000\050\000R\000P\000L\000-\000C\000l\000a\000s\000s\000i\000c\000\040\256\060\274\030\000\051}{}% 24
\BOOKMARK [2][-]{subsection.6.1}{\376\377\301\044\254\304\000\040\301\040\320\335\000:\000\040\000R\000P\000L\000-\000C\000l\000a\000s\000s\000i\000c\000\040\256\060\274\030}{section.6}% 25
\BOOKMARK [2][-]{subsection.6.2}{\376\377\272\250\264\310\000\040\255\154\301\061}{section.6}% 26
\BOOKMARK [2][-]{subsection.6.3}{\376\377\000Q\000u\000e\000u\000e\000\040\000M\000a\000n\000a\000g\000e\000r\000\040\274\017\000\040\000D\000I\000O\000\040\000Q\000u\000e\000u\000e\000\040\000O\000p\000t\000i\000o\000n}{section.6}% 27
\BOOKMARK [2][-]{subsection.6.4}{\376\377\000P\000a\000r\000e\000n\000t\000\040\301\040\320\335\000\050\254\000\311\021\316\130\000\051\000\040\274\017\000\040\311\301\255\000}{section.6}% 28
\BOOKMARK [1][-]{section.7}{\376\377\306\010\276\104\000\040\302\344\325\330\000\040\254\260\254\374}{}% 29
\BOOKMARK [2][-]{subsection.7.1}{\376\377\302\344\325\330\000\040\302\344\325\211\000\040\306\224\305\175}{section.7}% 30
\BOOKMARK [2][-]{subsection.7.2}{\376\377\325\165\302\354\000\040\254\260\254\374\000\040\0001\000:\000\040\000H\000i\000g\000h\000\040\000E\000x\000p\000o\000s\000u\000r\000e\000\050\000B\000\051\305\320\301\034\000\040\000P\000D\000R\000*\000\040\256\011\267\175}{section.7}% 31
\BOOKMARK [2][-]{subsection.7.3}{\376\377\325\165\302\354\000\040\254\260\254\374\000\040\0002\000:\000\040\000L\000o\000w\000\040\000E\000x\000p\000o\000s\000u\000r\000e\000\050\000A\000/\000D\000\051\305\320\301\034\000\040\254\365\254\251\307\164\000\040\000`\000`\274\364\307\164\311\300\000\040\305\112\307\114\000'\000'}{section.7}% 32
\BOOKMARK [2][-]{subsection.7.4}{\376\377\325\165\302\354\000\040\254\260\254\374\000\040\0003\000:\000\040\000H\000i\000g\000h\000\040\000P\000a\000t\000h\000\040\000D\000i\000v\000e\000r\000s\000i\000t\000y\000\050\000C\000\051\307\130\000\040\306\104\326\124\000\040\326\250\254\374}{section.7}% 33
\BOOKMARK [2][-]{subsection.7.5}{\376\377\255\334\272\250\000\040\326\250\254\374\000:\000\040\000B\000\050\0001\0000\000\051\000\040\000v\000s\000\040\000B\000\050\0002\0000\000\051}{section.7}% 34
\BOOKMARK [2][-]{subsection.7.6}{\376\377\261\170\315\234\000\050\000E\000x\000p\000o\000s\000u\000r\000e\000\051\254\374\000\040\255\000\316\041\000\040\254\000\262\245\301\061\307\130\000\040\255\000\254\304}{section.7}% 35
\BOOKMARK [2][-]{subsection.7.7}{\376\377\261\170\315\234\000\040\315\224\310\025\316\130\000\040\276\104\255\120\000\040\274\017\000\040\000P\000D\000R\000\040\255\374\300\254\000\040\254\200\311\235}{section.7}% 36
\BOOKMARK [2][-]{subsection.7.8}{\376\377\306\224\305\175\000\040\327\210\322\270\271\365\000\040\274\017\000\040\000p\000a\000r\000e\000n\000t\000\040\255\154\301\061\000\040\275\204\301\035}{section.7}% 37
\BOOKMARK [2][-]{subsection.7.9}{\376\377\310\025\267\311\000\040\306\224\305\175\324\134}{section.7}% 38
\BOOKMARK [1][-]{section.8}{\376\377\261\174\307\130}{}% 39
\BOOKMARK [2][-]{subsection.8.1}{\376\377\261\170\315\234\307\164\000\040\255\000\316\041\000\040\254\000\262\245\301\061\307\104\000\040\311\300\274\060\325\130\262\224\000\040\307\164\307\040\000\050\255\154\310\160\310\001\000\040\325\164\301\035\000\051}{section.8}% 40
\BOOKMARK [2][-]{subsection.8.2}{\376\377\320\320\311\300\254\000\000\040\302\344\323\050\325\130\262\224\000\040\255\154\310\160\310\001\000\040\306\320\307\170\000\050\306\134\000\040\000`\000`\274\364\307\164\311\300\000'\000'\000\040\305\112\262\224\254\000\000\051}{section.8}% 41
\BOOKMARK [2][-]{subsection.8.3}{\376\377\311\021\254\004\274\364\254\340\000\040\302\334\310\020\307\130\000\040\325\150\307\130}{section.8}% 42
\BOOKMARK [1][-]{section.9}{\376\377\320\300\262\371\263\304\000\040\307\004\326\021\000\040\274\017\000\040\325\134\254\304\000\050\000T\000h\000r\000e\000a\000t\000s\000\040\000t\000o\000\040\000V\000a\000l\000i\000d\000i\000t\000y\000\051}{}% 43
\BOOKMARK [2][-]{subsection.9.1}{\376\377\316\041\310\025\000\040\320\300\262\371\263\304\000\050\000M\000e\000a\000s\000u\000r\000e\000m\000e\000n\000t\000\040\000V\000a\000l\000i\000d\000i\000t\000y\000\051}{section.9}% 44
\BOOKMARK [2][-]{subsection.9.2}{\376\377\260\264\310\001\000\040\320\300\262\371\263\304\000\050\000I\000n\000t\000e\000r\000n\000a\000l\000\040\000V\000a\000l\000i\000d\000i\000t\000y\000\051}{section.9}% 45
\BOOKMARK [2][-]{subsection.9.3}{\376\377\306\170\310\001\000\040\320\300\262\371\263\304\000\050\000E\000x\000t\000e\000r\000n\000a\000l\000\040\000V\000a\000l\000i\000d\000i\000t\000y\000\051}{section.9}% 46
\BOOKMARK [2][-]{subsection.9.4}{\376\377\255\154\301\061\000\040\320\300\262\371\263\304\000\050\000C\000o\000n\000s\000t\000r\000u\000c\000t\000\040\000V\000a\000l\000i\000d\000i\000t\000y\000\051}{section.9}% 47
\BOOKMARK [1][-]{section.10}{\376\377\325\245\326\304\000\040\305\360\255\154\000\040\254\304\326\215}{}% 48
\BOOKMARK [1][-]{section.11}{\376\377\254\260\270\140}{}% 49
\BOOKMARK [1][-]{section*.1}{\376\377\000A\000p\000p\000e\000n\000d\000i\000x\000\040\000A\000:\000\040\307\254\326\004\307\104\000\040\307\004\325\134\000\040\300\260\315\234\273\074\000\040\274\017\000\040\254\275\270\134\000\040\306\224\305\175}{}% 50
\BOOKMARK [1][-]{section*.2}{\376\377\000A\000p\000p\000e\000n\000d\000i\000x\000\040\000B\000:\000\040\000F\000i\000g\000u\000r\000e\000/\000T\000a\000b\000l\000e\000\040\300\275\307\205\000\040\307\004\316\130\000\040\254\000\307\164\264\334\000\050\306\224\305\175\000\051}{}% 51
\BOOKMARK [1][-]{section*.3}{\376\377\000R\000e\000f\000e\000r\000e\000n\000c\000e\000s}{}% 52
